# Logfile created on 2014-01-20 13:52:40 -0800 by logger.rb/44203
I, [2014-01-20T13:52:40.725573 #68807]  INFO -- : 0:  pg (0.17.1) from /Users/dpaola2/.rvm/gems/ruby-2.1.0/specifications/pg-0.17.1.gemspec
I, [2014-01-20T13:52:40.727130 #68807]  INFO -- : 0:  bundler (1.5.1) from /Users/dpaola2/.rvm/gems/ruby-2.1.0@global/specifications/bundler-1.5.1.gemspec
I, [2014-01-20T13:53:31.259321 #70167]  INFO -- : 0:  pg (0.17.1) from /Users/dpaola2/.rvm/gems/ruby-2.1.0/specifications/pg-0.17.1.gemspec
I, [2014-01-20T13:53:31.259828 #70167]  INFO -- : 0:  bundler (1.5.1) from /Users/dpaola2/.rvm/gems/ruby-2.1.0@global/specifications/bundler-1.5.1.gemspec
I, [2014-01-20T13:58:02.957949 #70167]  INFO -- : 0:  pg (0.17.1) from /Users/dpaola2/.rvm/gems/ruby-2.1.0/specifications/pg-0.17.1.gemspec
I, [2014-01-20T13:58:02.958956 #70167]  INFO -- : 0:  bundler (1.5.1) from /Users/dpaola2/.rvm/gems/ruby-2.1.0@global/specifications/bundler-1.5.1.gemspec
I, [2014-01-20T13:59:12.994231 #71614]  INFO -- : 0:  daemons (1.1.9) from /Users/dpaola2/.rvm/gems/ruby-2.1.0/specifications/daemons-1.1.9.gemspec
I, [2014-01-20T13:59:12.994793 #71614]  INFO -- : 0:  eventmachine (1.0.3) from /Users/dpaola2/.rvm/gems/ruby-2.1.0/specifications/eventmachine-1.0.3.gemspec
I, [2014-01-20T13:59:12.995699 #71614]  INFO -- : 0:  pg (0.17.1) from /Users/dpaola2/.rvm/gems/ruby-2.1.0/specifications/pg-0.17.1.gemspec
I, [2014-01-20T13:59:12.999465 #71614]  INFO -- : 0:  rack (1.5.2) from /Users/dpaola2/.rvm/gems/ruby-2.1.0@global/specifications/rack-1.5.2.gemspec
I, [2014-01-20T13:59:13.000036 #71614]  INFO -- : 0:  rack-protection (1.5.2) from /Users/dpaola2/.rvm/gems/ruby-2.1.0/specifications/rack-protection-1.5.2.gemspec
I, [2014-01-20T13:59:13.000604 #71614]  INFO -- : 0:  tilt (1.4.1) from /Users/dpaola2/.rvm/gems/ruby-2.1.0@global/specifications/tilt-1.4.1.gemspec
I, [2014-01-20T13:59:13.001109 #71614]  INFO -- : 0:  sinatra (1.4.4) from /Users/dpaola2/.rvm/gems/ruby-2.1.0/specifications/sinatra-1.4.4.gemspec
I, [2014-01-20T13:59:13.001556 #71614]  INFO -- : 0:  thin (1.6.1) from /Users/dpaola2/.rvm/gems/ruby-2.1.0/specifications/thin-1.6.1.gemspec
I, [2014-01-20T13:59:13.002014 #71614]  INFO -- : 0:  bundler (1.5.1) from /Users/dpaola2/.rvm/gems/ruby-2.1.0@global/specifications/bundler-1.5.1.gemspec
I, [2014-01-20T14:00:29.273279 #72476]  INFO -- : 0:  daemons (1.1.9) from /Users/dpaola2/.rvm/gems/ruby-2.1.0/specifications/daemons-1.1.9.gemspec
I, [2014-01-20T14:00:29.273790 #72476]  INFO -- : 0:  eventmachine (1.0.3) from /Users/dpaola2/.rvm/gems/ruby-2.1.0/specifications/eventmachine-1.0.3.gemspec
I, [2014-01-20T14:00:29.274199 #72476]  INFO -- : 0:  pg (0.17.1) from /Users/dpaola2/.rvm/gems/ruby-2.1.0/specifications/pg-0.17.1.gemspec
I, [2014-01-20T14:00:29.274582 #72476]  INFO -- : 0:  rack (1.5.2) from /Users/dpaola2/.rvm/gems/ruby-2.1.0@global/specifications/rack-1.5.2.gemspec
I, [2014-01-20T14:00:29.274963 #72476]  INFO -- : 0:  rack-protection (1.5.2) from /Users/dpaola2/.rvm/gems/ruby-2.1.0/specifications/rack-protection-1.5.2.gemspec
I, [2014-01-20T14:00:29.275337 #72476]  INFO -- : 0:  tilt (1.4.1) from /Users/dpaola2/.rvm/gems/ruby-2.1.0@global/specifications/tilt-1.4.1.gemspec
I, [2014-01-20T14:00:29.275712 #72476]  INFO -- : 0:  sinatra (1.4.4) from /Users/dpaola2/.rvm/gems/ruby-2.1.0/specifications/sinatra-1.4.4.gemspec
I, [2014-01-20T14:00:29.276067 #72476]  INFO -- : 0:  thin (1.6.1) from /Users/dpaola2/.rvm/gems/ruby-2.1.0/specifications/thin-1.6.1.gemspec
I, [2014-01-20T14:00:29.276430 #72476]  INFO -- : 0:  bundler (1.5.1) from /Users/dpaola2/.rvm/gems/ruby-2.1.0@global/specifications/bundler-1.5.1.gemspec
I, [2014-01-20T14:01:16.957049 #72536]  INFO -- : 0:  daemons (1.1.9) from /Users/dpaola2/.rvm/gems/ruby-2.1.0/specifications/daemons-1.1.9.gemspec
I, [2014-01-20T14:01:16.957562 #72536]  INFO -- : 0:  eventmachine (1.0.3) from /Users/dpaola2/.rvm/gems/ruby-2.1.0/specifications/eventmachine-1.0.3.gemspec
I, [2014-01-20T14:01:16.957966 #72536]  INFO -- : 0:  pg (0.17.1) from /Users/dpaola2/.rvm/gems/ruby-2.1.0/specifications/pg-0.17.1.gemspec
I, [2014-01-20T14:01:16.958386 #72536]  INFO -- : 0:  rack (1.5.2) from /Users/dpaola2/.rvm/gems/ruby-2.1.0@global/specifications/rack-1.5.2.gemspec
I, [2014-01-20T14:01:16.958765 #72536]  INFO -- : 0:  rack-protection (1.5.2) from /Users/dpaola2/.rvm/gems/ruby-2.1.0/specifications/rack-protection-1.5.2.gemspec
I, [2014-01-20T14:01:16.959146 #72536]  INFO -- : 0:  tilt (1.4.1) from /Users/dpaola2/.rvm/gems/ruby-2.1.0@global/specifications/tilt-1.4.1.gemspec
I, [2014-01-20T14:01:16.959524 #72536]  INFO -- : 0:  sinatra (1.4.4) from /Users/dpaola2/.rvm/gems/ruby-2.1.0/specifications/sinatra-1.4.4.gemspec
I, [2014-01-20T14:01:16.959908 #72536]  INFO -- : 0:  thin (1.6.1) from /Users/dpaola2/.rvm/gems/ruby-2.1.0/specifications/thin-1.6.1.gemspec
I, [2014-01-20T14:01:16.960249 #72536]  INFO -- : 0:  bundler (1.5.1) from /Users/dpaola2/.rvm/gems/ruby-2.1.0@global/specifications/bundler-1.5.1.gemspec
I, [2014-01-20T14:02:55.789921 #73229]  INFO -- : 0:  daemons (1.1.9) from /Users/dpaola2/.rvm/gems/ruby-2.1.0/specifications/daemons-1.1.9.gemspec
I, [2014-01-20T14:02:55.790425 #73229]  INFO -- : 0:  eventmachine (1.0.3) from /Users/dpaola2/.rvm/gems/ruby-2.1.0/specifications/eventmachine-1.0.3.gemspec
I, [2014-01-20T14:02:55.790834 #73229]  INFO -- : 0:  pg (0.17.1) from /Users/dpaola2/.rvm/gems/ruby-2.1.0/specifications/pg-0.17.1.gemspec
I, [2014-01-20T14:02:55.791219 #73229]  INFO -- : 0:  rack (1.5.2) from /Users/dpaola2/.rvm/gems/ruby-2.1.0@global/specifications/rack-1.5.2.gemspec
I, [2014-01-20T14:02:55.791601 #73229]  INFO -- : 0:  rack-protection (1.5.2) from /Users/dpaola2/.rvm/gems/ruby-2.1.0/specifications/rack-protection-1.5.2.gemspec
I, [2014-01-20T14:02:55.791974 #73229]  INFO -- : 0:  tilt (1.4.1) from /Users/dpaola2/.rvm/gems/ruby-2.1.0@global/specifications/tilt-1.4.1.gemspec
I, [2014-01-20T14:02:55.792355 #73229]  INFO -- : 0:  sinatra (1.4.4) from /Users/dpaola2/.rvm/gems/ruby-2.1.0/specifications/sinatra-1.4.4.gemspec
I, [2014-01-20T14:02:55.792709 #73229]  INFO -- : 0:  thin (1.6.1) from /Users/dpaola2/.rvm/gems/ruby-2.1.0/specifications/thin-1.6.1.gemspec
I, [2014-01-20T14:02:55.793071 #73229]  INFO -- : 0:  bundler (1.5.1) from /Users/dpaola2/.rvm/gems/ruby-2.1.0@global/specifications/bundler-1.5.1.gemspec
I, [2014-01-20T14:03:08.933651 #73243]  INFO -- : 0:  daemons (1.1.9) from /Users/dpaola2/.rvm/gems/ruby-2.1.0/specifications/daemons-1.1.9.gemspec
I, [2014-01-20T14:03:08.934154 #73243]  INFO -- : 0:  eventmachine (1.0.3) from /Users/dpaola2/.rvm/gems/ruby-2.1.0/specifications/eventmachine-1.0.3.gemspec
I, [2014-01-20T14:03:08.934556 #73243]  INFO -- : 0:  pg (0.17.1) from /Users/dpaola2/.rvm/gems/ruby-2.1.0/specifications/pg-0.17.1.gemspec
I, [2014-01-20T14:03:08.934951 #73243]  INFO -- : 0:  rack (1.5.2) from /Users/dpaola2/.rvm/gems/ruby-2.1.0@global/specifications/rack-1.5.2.gemspec
I, [2014-01-20T14:03:08.935330 #73243]  INFO -- : 0:  rack-protection (1.5.2) from /Users/dpaola2/.rvm/gems/ruby-2.1.0/specifications/rack-protection-1.5.2.gemspec
I, [2014-01-20T14:03:08.935712 #73243]  INFO -- : 0:  tilt (1.4.1) from /Users/dpaola2/.rvm/gems/ruby-2.1.0@global/specifications/tilt-1.4.1.gemspec
I, [2014-01-20T14:03:08.936089 #73243]  INFO -- : 0:  sinatra (1.4.4) from /Users/dpaola2/.rvm/gems/ruby-2.1.0/specifications/sinatra-1.4.4.gemspec
I, [2014-01-20T14:03:08.936472 #73243]  INFO -- : 0:  thin (1.6.1) from /Users/dpaola2/.rvm/gems/ruby-2.1.0/specifications/thin-1.6.1.gemspec
I, [2014-01-20T14:03:08.936818 #73243]  INFO -- : 0:  bundler (1.5.1) from /Users/dpaola2/.rvm/gems/ruby-2.1.0@global/specifications/bundler-1.5.1.gemspec
I, [2014-01-20T14:06:06.243693 #73308]  INFO -- : 0:  daemons (1.1.9) from /Users/dpaola2/.rvm/gems/ruby-2.1.0/specifications/daemons-1.1.9.gemspec
I, [2014-01-20T14:06:06.244492 #73308]  INFO -- : 0:  eventmachine (1.0.3) from /Users/dpaola2/.rvm/gems/ruby-2.1.0/specifications/eventmachine-1.0.3.gemspec
I, [2014-01-20T14:06:06.245176 #73308]  INFO -- : 0:  pg (0.17.1) from /Users/dpaola2/.rvm/gems/ruby-2.1.0/specifications/pg-0.17.1.gemspec
I, [2014-01-20T14:06:06.245913 #73308]  INFO -- : 0:  rack (1.5.2) from /Users/dpaola2/.rvm/gems/ruby-2.1.0@global/specifications/rack-1.5.2.gemspec
I, [2014-01-20T14:06:06.246583 #73308]  INFO -- : 0:  rack-protection (1.5.2) from /Users/dpaola2/.rvm/gems/ruby-2.1.0/specifications/rack-protection-1.5.2.gemspec
I, [2014-01-20T14:06:06.247177 #73308]  INFO -- : 0:  tilt (1.4.1) from /Users/dpaola2/.rvm/gems/ruby-2.1.0@global/specifications/tilt-1.4.1.gemspec
I, [2014-01-20T14:06:06.247764 #73308]  INFO -- : 0:  sinatra (1.4.4) from /Users/dpaola2/.rvm/gems/ruby-2.1.0/specifications/sinatra-1.4.4.gemspec
I, [2014-01-20T14:06:06.248324 #73308]  INFO -- : 0:  thin (1.6.1) from /Users/dpaola2/.rvm/gems/ruby-2.1.0/specifications/thin-1.6.1.gemspec
I, [2014-01-20T14:06:06.248893 #73308]  INFO -- : 0:  bundler (1.5.1) from /Users/dpaola2/.rvm/gems/ruby-2.1.0@global/specifications/bundler-1.5.1.gemspec
I, [2014-01-21T13:45:03.833242 #75925]  INFO -- : 0:  daemons (1.1.9) from /Users/dpaola2/.rvm/gems/ruby-2.1.0/specifications/daemons-1.1.9.gemspec
I, [2014-01-21T13:45:03.836515 #75925]  INFO -- : 0:  eventmachine (1.0.3) from /Users/dpaola2/.rvm/gems/ruby-2.1.0/specifications/eventmachine-1.0.3.gemspec
I, [2014-01-21T13:45:03.837173 #75925]  INFO -- : 0:  pg (0.17.1) from /Users/dpaola2/.rvm/gems/ruby-2.1.0/specifications/pg-0.17.1.gemspec
I, [2014-01-21T13:45:03.837949 #75925]  INFO -- : 0:  rack (1.5.2) from /Users/dpaola2/.rvm/gems/ruby-2.1.0@global/specifications/rack-1.5.2.gemspec
I, [2014-01-21T13:45:03.838792 #75925]  INFO -- : 0:  rack-protection (1.5.2) from /Users/dpaola2/.rvm/gems/ruby-2.1.0/specifications/rack-protection-1.5.2.gemspec
I, [2014-01-21T13:45:03.839377 #75925]  INFO -- : 0:  tilt (1.4.1) from /Users/dpaola2/.rvm/gems/ruby-2.1.0@global/specifications/tilt-1.4.1.gemspec
I, [2014-01-21T13:45:03.839886 #75925]  INFO -- : 0:  sinatra (1.4.4) from /Users/dpaola2/.rvm/gems/ruby-2.1.0/specifications/sinatra-1.4.4.gemspec
I, [2014-01-21T13:45:03.840316 #75925]  INFO -- : 0:  thin (1.6.1) from /Users/dpaola2/.rvm/gems/ruby-2.1.0/specifications/thin-1.6.1.gemspec
I, [2014-01-21T13:45:03.840755 #75925]  INFO -- : 0:  bundler (1.5.1) from /Users/dpaola2/.rvm/gems/ruby-2.1.0@global/specifications/bundler-1.5.1.gemspec
I, [2014-01-22T10:54:33.668143 #82409]  INFO -- : 0:  daemons (1.1.9) from /Users/dpaola2/.rvm/gems/ruby-2.1.0/specifications/daemons-1.1.9.gemspec
I, [2014-01-22T10:54:33.671669 #82409]  INFO -- : 0:  eventmachine (1.0.3) from /Users/dpaola2/.rvm/gems/ruby-2.1.0/specifications/eventmachine-1.0.3.gemspec
I, [2014-01-22T10:54:33.672115 #82409]  INFO -- : 0:  pg (0.17.1) from /Users/dpaola2/.rvm/gems/ruby-2.1.0/specifications/pg-0.17.1.gemspec
I, [2014-01-22T10:54:33.672522 #82409]  INFO -- : 0:  rack (1.5.2) from /Users/dpaola2/.rvm/gems/ruby-2.1.0@global/specifications/rack-1.5.2.gemspec
I, [2014-01-22T10:54:33.672914 #82409]  INFO -- : 0:  rack-protection (1.5.2) from /Users/dpaola2/.rvm/gems/ruby-2.1.0/specifications/rack-protection-1.5.2.gemspec
I, [2014-01-22T10:54:33.673302 #82409]  INFO -- : 0:  tilt (1.4.1) from /Users/dpaola2/.rvm/gems/ruby-2.1.0@global/specifications/tilt-1.4.1.gemspec
I, [2014-01-22T10:54:33.673680 #82409]  INFO -- : 0:  sinatra (1.4.4) from /Users/dpaola2/.rvm/gems/ruby-2.1.0/specifications/sinatra-1.4.4.gemspec
I, [2014-01-22T10:54:33.674065 #82409]  INFO -- : 0:  thin (1.6.1) from /Users/dpaola2/.rvm/gems/ruby-2.1.0/specifications/thin-1.6.1.gemspec
I, [2014-01-22T10:54:33.674405 #82409]  INFO -- : 0:  bundler (1.5.1) from /Users/dpaola2/.rvm/gems/ruby-2.1.0@global/specifications/bundler-1.5.1.gemspec
I, [2014-01-22T11:37:39.744848 #82857]  INFO -- : 0:  daemons (1.1.9) from /Users/dpaola2/.rvm/gems/ruby-2.1.0/specifications/daemons-1.1.9.gemspec
I, [2014-01-22T11:37:39.745992 #82857]  INFO -- : 0:  eventmachine (1.0.3) from /Users/dpaola2/.rvm/gems/ruby-2.1.0/specifications/eventmachine-1.0.3.gemspec
I, [2014-01-22T11:37:39.746489 #82857]  INFO -- : 0:  pg (0.17.1) from /Users/dpaola2/.rvm/gems/ruby-2.1.0/specifications/pg-0.17.1.gemspec
I, [2014-01-22T11:37:39.746952 #82857]  INFO -- : 0:  rack (1.5.2) from /Users/dpaola2/.rvm/gems/ruby-2.1.0@global/specifications/rack-1.5.2.gemspec
I, [2014-01-22T11:37:39.747417 #82857]  INFO -- : 0:  rack-protection (1.5.2) from /Users/dpaola2/.rvm/gems/ruby-2.1.0/specifications/rack-protection-1.5.2.gemspec
I, [2014-01-22T11:37:39.747859 #82857]  INFO -- : 0:  tilt (1.4.1) from /Users/dpaola2/.rvm/gems/ruby-2.1.0@global/specifications/tilt-1.4.1.gemspec
I, [2014-01-22T11:37:39.748298 #82857]  INFO -- : 0:  sinatra (1.4.4) from /Users/dpaola2/.rvm/gems/ruby-2.1.0/specifications/sinatra-1.4.4.gemspec
I, [2014-01-22T11:37:39.748739 #82857]  INFO -- : 0:  thin (1.6.1) from /Users/dpaola2/.rvm/gems/ruby-2.1.0/specifications/thin-1.6.1.gemspec
I, [2014-01-22T11:37:39.749220 #82857]  INFO -- : 0:  bundler (1.5.1) from /Users/dpaola2/.rvm/gems/ruby-2.1.0@global/specifications/bundler-1.5.1.gemspec
I, [2014-01-22T11:38:50.166225 #82899]  INFO -- : 0:  daemons (1.1.9) from /Users/dpaola2/.rvm/gems/ruby-2.1.0/specifications/daemons-1.1.9.gemspec
I, [2014-01-22T11:38:50.166732 #82899]  INFO -- : 0:  eventmachine (1.0.3) from /Users/dpaola2/.rvm/gems/ruby-2.1.0/specifications/eventmachine-1.0.3.gemspec
I, [2014-01-22T11:38:50.167206 #82899]  INFO -- : 0:  pg (0.17.1) from /Users/dpaola2/.rvm/gems/ruby-2.1.0/specifications/pg-0.17.1.gemspec
I, [2014-01-22T11:38:50.167670 #82899]  INFO -- : 0:  rack (1.5.2) from /Users/dpaola2/.rvm/gems/ruby-2.1.0@global/specifications/rack-1.5.2.gemspec
I, [2014-01-22T11:38:50.168124 #82899]  INFO -- : 0:  rack-protection (1.5.2) from /Users/dpaola2/.rvm/gems/ruby-2.1.0/specifications/rack-protection-1.5.2.gemspec
I, [2014-01-22T11:38:50.168605 #82899]  INFO -- : 0:  tilt (1.4.1) from /Users/dpaola2/.rvm/gems/ruby-2.1.0@global/specifications/tilt-1.4.1.gemspec
I, [2014-01-22T11:38:50.169044 #82899]  INFO -- : 0:  sinatra (1.4.4) from /Users/dpaola2/.rvm/gems/ruby-2.1.0/specifications/sinatra-1.4.4.gemspec
I, [2014-01-22T11:38:50.169485 #82899]  INFO -- : 0:  thin (1.6.1) from /Users/dpaola2/.rvm/gems/ruby-2.1.0/specifications/thin-1.6.1.gemspec
I, [2014-01-22T11:38:50.169911 #82899]  INFO -- : 0:  bundler (1.5.1) from /Users/dpaola2/.rvm/gems/ruby-2.1.0@global/specifications/bundler-1.5.1.gemspec
I, [2014-01-22T11:39:51.214510 #82953]  INFO -- : 0:  daemons (1.1.9) from /Users/dpaola2/.rvm/gems/ruby-2.1.0/specifications/daemons-1.1.9.gemspec
I, [2014-01-22T11:39:51.215608 #82953]  INFO -- : 0:  eventmachine (1.0.3) from /Users/dpaola2/.rvm/gems/ruby-2.1.0/specifications/eventmachine-1.0.3.gemspec
I, [2014-01-22T11:39:51.216077 #82953]  INFO -- : 0:  pg (0.17.1) from /Users/dpaola2/.rvm/gems/ruby-2.1.0/specifications/pg-0.17.1.gemspec
I, [2014-01-22T11:39:51.216548 #82953]  INFO -- : 0:  rack (1.5.2) from /Users/dpaola2/.rvm/gems/ruby-2.1.0@global/specifications/rack-1.5.2.gemspec
I, [2014-01-22T11:39:51.217380 #82953]  INFO -- : 0:  rack-protection (1.5.2) from /Users/dpaola2/.rvm/gems/ruby-2.1.0/specifications/rack-protection-1.5.2.gemspec
I, [2014-01-22T11:39:51.217956 #82953]  INFO -- : 0:  tilt (1.4.1) from /Users/dpaola2/.rvm/gems/ruby-2.1.0@global/specifications/tilt-1.4.1.gemspec
I, [2014-01-22T11:39:51.218506 #82953]  INFO -- : 0:  sinatra (1.4.4) from /Users/dpaola2/.rvm/gems/ruby-2.1.0/specifications/sinatra-1.4.4.gemspec
I, [2014-01-22T11:39:51.219059 #82953]  INFO -- : 0:  thin (1.6.1) from /Users/dpaola2/.rvm/gems/ruby-2.1.0/specifications/thin-1.6.1.gemspec
I, [2014-01-22T11:39:51.219542 #82953]  INFO -- : 0:  bundler (1.5.1) from /Users/dpaola2/.rvm/gems/ruby-2.1.0@global/specifications/bundler-1.5.1.gemspec
I, [2014-01-22T11:40:28.985196 #83007]  INFO -- : 0:  daemons (1.1.9) from /Users/dpaola2/.rvm/gems/ruby-2.1.0/specifications/daemons-1.1.9.gemspec
I, [2014-01-22T11:40:28.985727 #83007]  INFO -- : 0:  eventmachine (1.0.3) from /Users/dpaola2/.rvm/gems/ruby-2.1.0/specifications/eventmachine-1.0.3.gemspec
I, [2014-01-22T11:40:28.986130 #83007]  INFO -- : 0:  pg (0.17.1) from /Users/dpaola2/.rvm/gems/ruby-2.1.0/specifications/pg-0.17.1.gemspec
I, [2014-01-22T11:40:28.986532 #83007]  INFO -- : 0:  rack (1.5.2) from /Users/dpaola2/.rvm/gems/ruby-2.1.0@global/specifications/rack-1.5.2.gemspec
I, [2014-01-22T11:40:28.986942 #83007]  INFO -- : 0:  rack-protection (1.5.2) from /Users/dpaola2/.rvm/gems/ruby-2.1.0/specifications/rack-protection-1.5.2.gemspec
I, [2014-01-22T11:40:28.987325 #83007]  INFO -- : 0:  tilt (1.4.1) from /Users/dpaola2/.rvm/gems/ruby-2.1.0@global/specifications/tilt-1.4.1.gemspec
I, [2014-01-22T11:40:28.987702 #83007]  INFO -- : 0:  sinatra (1.4.4) from /Users/dpaola2/.rvm/gems/ruby-2.1.0/specifications/sinatra-1.4.4.gemspec
I, [2014-01-22T11:40:28.988093 #83007]  INFO -- : 0:  thin (1.6.1) from /Users/dpaola2/.rvm/gems/ruby-2.1.0/specifications/thin-1.6.1.gemspec
I, [2014-01-22T11:40:28.988449 #83007]  INFO -- : 0:  bundler (1.5.1) from /Users/dpaola2/.rvm/gems/ruby-2.1.0@global/specifications/bundler-1.5.1.gemspec
I, [2014-01-22T11:46:41.676342 #83878]  INFO -- : 0:  daemons (1.1.9) from /Users/dpaola2/.rvm/gems/ruby-2.1.0/specifications/daemons-1.1.9.gemspec
I, [2014-01-22T11:46:41.677312 #83878]  INFO -- : 0:  eventmachine (1.0.3) from /Users/dpaola2/.rvm/gems/ruby-2.1.0/specifications/eventmachine-1.0.3.gemspec
I, [2014-01-22T11:46:41.677845 #83878]  INFO -- : 0:  pg (0.17.1) from /Users/dpaola2/.rvm/gems/ruby-2.1.0/specifications/pg-0.17.1.gemspec
I, [2014-01-22T11:46:41.678394 #83878]  INFO -- : 0:  rack (1.5.2) from /Users/dpaola2/.rvm/gems/ruby-2.1.0@global/specifications/rack-1.5.2.gemspec
I, [2014-01-22T11:46:41.678843 #83878]  INFO -- : 0:  rack-protection (1.5.2) from /Users/dpaola2/.rvm/gems/ruby-2.1.0/specifications/rack-protection-1.5.2.gemspec
I, [2014-01-22T11:46:41.679279 #83878]  INFO -- : 0:  tilt (1.4.1) from /Users/dpaola2/.rvm/gems/ruby-2.1.0@global/specifications/tilt-1.4.1.gemspec
I, [2014-01-22T11:46:41.679716 #83878]  INFO -- : 0:  sinatra (1.4.4) from /Users/dpaola2/.rvm/gems/ruby-2.1.0/specifications/sinatra-1.4.4.gemspec
I, [2014-01-22T11:46:41.680158 #83878]  INFO -- : 0:  thin (1.6.1) from /Users/dpaola2/.rvm/gems/ruby-2.1.0/specifications/thin-1.6.1.gemspec
I, [2014-01-22T11:46:41.680649 #83878]  INFO -- : 0:  bundler (1.5.1) from /Users/dpaola2/.rvm/gems/ruby-2.1.0@global/specifications/bundler-1.5.1.gemspec
I, [2014-01-22T11:48:13.021713 #83964]  INFO -- : 0:  daemons (1.1.9) from /Users/dpaola2/.rvm/gems/ruby-2.1.0/specifications/daemons-1.1.9.gemspec
I, [2014-01-22T11:48:13.022250 #83964]  INFO -- : 0:  eventmachine (1.0.3) from /Users/dpaola2/.rvm/gems/ruby-2.1.0/specifications/eventmachine-1.0.3.gemspec
I, [2014-01-22T11:48:13.022664 #83964]  INFO -- : 0:  pg (0.17.1) from /Users/dpaola2/.rvm/gems/ruby-2.1.0/specifications/pg-0.17.1.gemspec
I, [2014-01-22T11:48:13.023061 #83964]  INFO -- : 0:  rack (1.5.2) from /Users/dpaola2/.rvm/gems/ruby-2.1.0@global/specifications/rack-1.5.2.gemspec
I, [2014-01-22T11:48:13.023452 #83964]  INFO -- : 0:  rack-protection (1.5.2) from /Users/dpaola2/.rvm/gems/ruby-2.1.0/specifications/rack-protection-1.5.2.gemspec
I, [2014-01-22T11:48:13.023853 #83964]  INFO -- : 0:  tilt (1.4.1) from /Users/dpaola2/.rvm/gems/ruby-2.1.0@global/specifications/tilt-1.4.1.gemspec
I, [2014-01-22T11:48:13.024228 #83964]  INFO -- : 0:  sinatra (1.4.4) from /Users/dpaola2/.rvm/gems/ruby-2.1.0/specifications/sinatra-1.4.4.gemspec
I, [2014-01-22T11:48:13.024610 #83964]  INFO -- : 0:  thin (1.6.1) from /Users/dpaola2/.rvm/gems/ruby-2.1.0/specifications/thin-1.6.1.gemspec
I, [2014-01-22T11:48:13.024948 #83964]  INFO -- : 0:  bundler (1.5.1) from /Users/dpaola2/.rvm/gems/ruby-2.1.0@global/specifications/bundler-1.5.1.gemspec
I, [2014-01-22T11:48:33.248174 #83985]  INFO -- : 0:  daemons (1.1.9) from /Users/dpaola2/.rvm/gems/ruby-2.1.0/specifications/daemons-1.1.9.gemspec
I, [2014-01-22T11:48:33.248692 #83985]  INFO -- : 0:  eventmachine (1.0.3) from /Users/dpaola2/.rvm/gems/ruby-2.1.0/specifications/eventmachine-1.0.3.gemspec
I, [2014-01-22T11:48:33.249174 #83985]  INFO -- : 0:  pg (0.17.1) from /Users/dpaola2/.rvm/gems/ruby-2.1.0/specifications/pg-0.17.1.gemspec
I, [2014-01-22T11:48:33.249563 #83985]  INFO -- : 0:  rack (1.5.2) from /Users/dpaola2/.rvm/gems/ruby-2.1.0@global/specifications/rack-1.5.2.gemspec
I, [2014-01-22T11:48:33.249968 #83985]  INFO -- : 0:  rack-protection (1.5.2) from /Users/dpaola2/.rvm/gems/ruby-2.1.0/specifications/rack-protection-1.5.2.gemspec
I, [2014-01-22T11:48:33.250358 #83985]  INFO -- : 0:  tilt (1.4.1) from /Users/dpaola2/.rvm/gems/ruby-2.1.0@global/specifications/tilt-1.4.1.gemspec
I, [2014-01-22T11:48:33.250734 #83985]  INFO -- : 0:  sinatra (1.4.4) from /Users/dpaola2/.rvm/gems/ruby-2.1.0/specifications/sinatra-1.4.4.gemspec
I, [2014-01-22T11:48:33.251113 #83985]  INFO -- : 0:  thin (1.6.1) from /Users/dpaola2/.rvm/gems/ruby-2.1.0/specifications/thin-1.6.1.gemspec
I, [2014-01-22T11:48:33.251491 #83985]  INFO -- : 0:  bundler (1.5.1) from /Users/dpaola2/.rvm/gems/ruby-2.1.0@global/specifications/bundler-1.5.1.gemspec
